<?xml version="1.0" encoding="UTF-8"?>
<testng-results ignored="0" total="1" passed="1" failed="0" skipped="0">
  <reporter-output>
  </reporter-output>
  <suite started-at="2023-07-06T14:13:27 IST" name="Default suite" finished-at="2023-07-06T14:13:45 IST" duration-ms="18886">
    <groups>
    </groups>
    <test started-at="2023-07-06T14:13:27 IST" name="Default test" finished-at="2023-07-06T14:13:45 IST" duration-ms="18886">
      <class name="assessment.LoginLetscode">
        <test-method signature="login()[pri:0, instance:assessment.LoginLetscode@33065d67]" started-at="2023-07-06T14:13:27 IST" name="login" finished-at="2023-07-06T14:13:45 IST" duration-ms="18832" status="PASS">
          <reporter-output>
          </reporter-output>
        </test-method> <!-- login -->
      </class> <!-- assessment.LoginLetscode -->
    </test> <!-- Default test -->
  </suite> <!-- Default suite -->
</testng-results>
